;  LST file generated by mikroListExporter - v.2.0 
; Date/Time: 05/08/2018 10:27:05 PM
;----------------------------------------------

;Address Opcode 	ASM
0x0000	0xF000EF66  	GOTO        204
0x0004	0x0000      	NOP
0x0006	0x0000      	NOP
0x0008	0xF000EF00  	GOTO        0
0x000C	0x0000      	NOP
0x000E	0x0000      	NOP
0x0010	0x0000      	NOP
0x0012	0x0000      	NOP
0x0014	0x0000      	NOP
0x0016	0x0000      	NOP
0x0018	0xD7F3      	BRA         0
_r2l_double:
;MyProject.c,39 :: 		void r2l_double(void)
;MyProject.c,41 :: 		int i = 0;
0x001C	0x6A15      	CLRF        r2l_double_i_L0 
0x001E	0x6A16      	CLRF        r2l_double_i_L0+1 
;MyProject.c,42 :: 		for (i = 192; i >= 3; i/=4)
0x0020	0x0EC0      	MOVLW       192
0x0022	0x6E15      	MOVWF       r2l_double_i_L0 
0x0024	0x0E00      	MOVLW       0
0x0026	0x6E16      	MOVWF       r2l_double_i_L0+1 
L_r2l_double14:
0x0028	0x0E80      	MOVLW       128
0x002A	0x1816      	XORWF       r2l_double_i_L0+1, 0 
0x002C	0x6E00      	MOVWF       R0 
0x002E	0x0E80      	MOVLW       128
0x0030	0x5C00      	SUBWF       R0, 0 
0x0032	0xE102      	BNZ         L__r2l_double28
0x0034	0x0E03      	MOVLW       3
0x0036	0x5C15      	SUBWF       r2l_double_i_L0, 0 
L__r2l_double28:
0x0038	0xE31A      	BNC         L_r2l_double15
;MyProject.c,44 :: 		PORTC = i;
0x003A	0xFF82C015  	MOVFF       r2l_double_i_L0, PORTC
;MyProject.c,45 :: 		Delay_ms(200);
0x003E	0x0E02      	MOVLW       2
0x0040	0x6E0B      	MOVWF       R11, 0
0x0042	0x0E04      	MOVLW       4
0x0044	0x6E0C      	MOVWF       R12, 0
0x0046	0x0EBA      	MOVLW       186
0x0048	0x6E0D      	MOVWF       R13, 0
L_r2l_double17:
0x004A	0x2E0D      	DECFSZ      R13, 1, 0
0x004C	0xD7FE      	BRA         L_r2l_double17
0x004E	0x2E0C      	DECFSZ      R12, 1, 0
0x0050	0xD7FC      	BRA         L_r2l_double17
0x0052	0x2E0B      	DECFSZ      R11, 1, 0
0x0054	0xD7FA      	BRA         L_r2l_double17
0x0056	0x0000      	NOP
;MyProject.c,42 :: 		for (i = 192; i >= 3; i/=4)
0x0058	0x3216      	RRCF        r2l_double_i_L0+1, 1 
0x005A	0x3215      	RRCF        r2l_double_i_L0, 1 
0x005C	0x9E16      	BCF         r2l_double_i_L0+1, 7 
0x005E	0xBC16      	BTFSC       r2l_double_i_L0+1, 6 
0x0060	0x8E16      	BSF         r2l_double_i_L0+1, 7 
0x0062	0x3216      	RRCF        r2l_double_i_L0+1, 1 
0x0064	0x3215      	RRCF        r2l_double_i_L0, 1 
0x0066	0x9E16      	BCF         r2l_double_i_L0+1, 7 
0x0068	0xBC16      	BTFSC       r2l_double_i_L0+1, 6 
0x006A	0x8E16      	BSF         r2l_double_i_L0+1, 7 
;MyProject.c,46 :: 		}
0x006C	0xD7DD      	BRA         L_r2l_double14
L_r2l_double15:
;MyProject.c,47 :: 		}
L_end_r2l_double:
0x006E	0x0012      	RETURN      0
; end of _r2l_double
___CC2DW:
;__Lib_System.c,21 :: 		
;__Lib_System.c,23 :: 		
_CC2DL_Loop1:
;__Lib_System.c,24 :: 		
0x0070	0x0009      	TBLRD*+
;__Lib_System.c,25 :: 		
0x0072	0xFFE6CFF5  	MOVFF       TABLAT, POSTINC1
;__Lib_System.c,26 :: 		
0x0076	0x0600      	DECF        R0, 1, 0
;__Lib_System.c,27 :: 		
0x0078	0xE1FB      	BNZ         _CC2DL_Loop1
;__Lib_System.c,28 :: 		
0x007A	0x0601      	DECF        R1, 1, 0
;__Lib_System.c,29 :: 		
0x007C	0xE1F9      	BNZ         _CC2DL_Loop1
;__Lib_System.c,31 :: 		
L_end___CC2DW:
0x007E	0x0012      	RETURN      0
; end of ___CC2DW
_l2r_double:
;MyProject.c,29 :: 		void l2r_double(void)
;MyProject.c,31 :: 		int i = 0;
0x0080	0x6A15      	CLRF        l2r_double_i_L0 
0x0082	0x6A16      	CLRF        l2r_double_i_L0+1 
;MyProject.c,32 :: 		for (i = 3; i <= 192; i*=4)
0x0084	0x0E03      	MOVLW       3
0x0086	0x6E15      	MOVWF       l2r_double_i_L0 
0x0088	0x0E00      	MOVLW       0
0x008A	0x6E16      	MOVWF       l2r_double_i_L0+1 
L_l2r_double10:
0x008C	0x0E80      	MOVLW       128
0x008E	0x6E00      	MOVWF       R0 
0x0090	0x0E80      	MOVLW       128
0x0092	0x1816      	XORWF       l2r_double_i_L0+1, 0 
0x0094	0x5C00      	SUBWF       R0, 0 
0x0096	0xE102      	BNZ         L__l2r_double26
0x0098	0x5015      	MOVF        l2r_double_i_L0, 0 
0x009A	0x08C0      	SUBLW       192
L__l2r_double26:
0x009C	0xE316      	BNC         L_l2r_double11
;MyProject.c,34 :: 		PORTC = i;
0x009E	0xFF82C015  	MOVFF       l2r_double_i_L0, PORTC
;MyProject.c,35 :: 		Delay_ms(200);
0x00A2	0x0E02      	MOVLW       2
0x00A4	0x6E0B      	MOVWF       R11, 0
0x00A6	0x0E04      	MOVLW       4
0x00A8	0x6E0C      	MOVWF       R12, 0
0x00AA	0x0EBA      	MOVLW       186
0x00AC	0x6E0D      	MOVWF       R13, 0
L_l2r_double13:
0x00AE	0x2E0D      	DECFSZ      R13, 1, 0
0x00B0	0xD7FE      	BRA         L_l2r_double13
0x00B2	0x2E0C      	DECFSZ      R12, 1, 0
0x00B4	0xD7FC      	BRA         L_l2r_double13
0x00B6	0x2E0B      	DECFSZ      R11, 1, 0
0x00B8	0xD7FA      	BRA         L_l2r_double13
0x00BA	0x0000      	NOP
;MyProject.c,32 :: 		for (i = 3; i <= 192; i*=4)
0x00BC	0x3615      	RLCF        l2r_double_i_L0, 1 
0x00BE	0x9015      	BCF         l2r_double_i_L0, 0 
0x00C0	0x3616      	RLCF        l2r_double_i_L0+1, 1 
0x00C2	0x3615      	RLCF        l2r_double_i_L0, 1 
0x00C4	0x9015      	BCF         l2r_double_i_L0, 0 
0x00C6	0x3616      	RLCF        l2r_double_i_L0+1, 1 
;MyProject.c,36 :: 		}
0x00C8	0xD7E1      	BRA         L_l2r_double10
L_l2r_double11:
;MyProject.c,37 :: 		}
L_end_l2r_double:
0x00CA	0x0012      	RETURN      0
; end of _l2r_double
_main:
;MyProject.c,49 :: 		void main() {
;MyProject.c,50 :: 		TRISC = 0x00;
0x00CC	0x6A94      	CLRF        TRISC 
;MyProject.c,51 :: 		while(1)
L_main18:
;MyProject.c,54 :: 		l2r_double();
0x00CE	0xDFD8      	RCALL       _l2r_double
;MyProject.c,55 :: 		r2l_double();
0x00D0	0xDFA5      	RCALL       _r2l_double
;MyProject.c,56 :: 		}
0x00D2	0xD7FD      	BRA         L_main18
;MyProject.c,57 :: 		}
L_end_main:
0x00D4	0xD7FF      	BRA         $+0
; end of _main
Symbol List:
//** Routines locations **
//ADDRESS    SIZE    PROCEDURE
//----------------------------------------------
0x001C      [84]    _r2l_double
0x0070      [16]    ___CC2DW
0x0080      [76]    _l2r_double
0x00CC      [10]    _main
//** Variables locations ** 
//ADDRESS    SIZE    VARIABLE
//----------------------------------------------
0x0000       [1]    R0
0x0000       [1]    EEPROM_Write_SaveINTCON_L0
0x0000       [1]    UART1_Init_tmp_L0
0x0000       [1]    __Lib_SoftI2C_PutZerosToLATScl_temp_scl_L0
0x0000       [1]    __Lib_SoftI2C_PutZerosToLATSda_temp_sda_L0
0x0000       [1]    SPI1_Write_tmp_L0
0x0000       [1]    FLASH_Erase_64_SaveINTCON_L0
0x0001       [2]    FLASH_Read_N_Bytes_i_L0
0x0001       [1]    __Lib_TFT_JPEG_FileReadBytes_Result_L0
0x0001       [1]    __Lib_TFT_JPEG_FileRead_i_L0
0x0001       [1]    R1
0x0001       [1]    I2C1_Rd_tmp_L0
0x0001       [1]    ispunct_rslt_L0
0x0001       [1]    __Lib_PS2_Wait_Falling_nsample_L0
0x0001       [1]    FLASH_Write_64_i_L0
0x0001       [1]    FLASH_Erase_Write_64_i_L0
0x0001       [1]    UART1_Read___tmp_UART1_Read_L0
0x0001       [1]    __Lib_TFT_16bit_JPEG_FileReadBytes_Result_L0
0x0001       [1]    __Lib_TFT_16bit_JPEG_FileRead_i_L0
0x0002       [2]    memchr_s_L0
0x0002       [2]    strlen_cp_L0
0x0002       [1]    FLASH_Erase_Write_64_j_L0
0x0002       [1]    FLASH_Write_64_SaveINTCON_L0
0x0002       [2]    memcpy_dd_L0
0x0002       [2]    memset_pp_L0
0x0002       [1]    R2
0x0003       [1]    R3
0x0003       [2]    __Lib_MmcFat16_f16_toInt_l_L0
0x0003       [2]    Ltrim_original_L0
0x0003       [2]    MM_TotalFreeMemSize_Tot_L0
0x0003       [1]    MM_Init_i_L0
0x0003       [1]    FLASH_Erase_Write_64_SaveINTCON_L0
0x0003       [2]    memmove_tt_L0
0x0004       [2]    frexp_pom_L0
0x0004       [1]    R4
0x0004       [2]    strncat_cp_L0
0x0004       [2]    strncpy_cp_L0
0x0004       [2]    strcat_cp_L0
0x0004       [2]    __Lib_MemManager_MM_GetMemAlign_P_L0
0x0004       [2]    memcpy_ss_L0
0x0004       [2]    strcpy_cp_L0
0x0005       [2]    LongWordToHex_input_half_L0
0x0005       [2]    Ltrim_p_L0
0x0005       [1]    R5
0x0005       [2]    LongIntToHex_input_half_L0
0x0005       [1]    MM_TotalFreeMemSize_i_L0
0x0005       [2]    memmove_ff_L0
0x0006       [1]    R6
0x0006       [1]    __Lib_MemManager_MM_GetMemAlign_i_L0
0x0007       [1]    R7
0x0007       [1]    __Lib_TFT_JPEG_GenerateHuffmanTables_bLength_L0
0x0007       [1]    __Lib_TFT_16bit_JPEG_GenerateHuffmanTables_bLength_L0
0x0008       [1]    R8
0x0008       [1]    __Lib_TFT_JPEG_GenerateHuffmanTables_bTable_L0
0x0008       [1]    __Lib_TFT_16bit_JPEG_GenerateHuffmanTables_bTable_L0
0x0009       [4]    __Lib_MmcFat16_f16_toLong_l_L0
0x0009       [1]    R9
0x000A       [1]    R10
0x000B       [1]    R11
0x000C       [1]    R12
0x000D       [1]    R13
0x000E       [1]    R14
0x000F       [1]    R15
0x0010       [1]    R16
0x0011       [1]    R17
0x0012       [1]    R18
0x0013       [1]    R19
0x0014       [1]    R20
0x0015       [2]    l2r_double_i_L0
0x0015       [2]    r2l_double_i_L0
0x0F82       [1]    PORTC
0x0F94       [1]    TRISC
0x0FD8       [1]    STATUS
0x0FD9       [1]    FSR2L
0x0FDA       [1]    FSR2H
0x0FDE       [1]    POSTINC2
0x0FE0       [1]    BSR
0x0FE1       [1]    FSR1L
0x0FE2       [1]    FSR1H
0x0FE4       [1]    PREINC1
0x0FE6       [1]    POSTINC1
0x0FE7       [1]    INDF1
0x0FE8       [1]    WREG
0x0FE9       [1]    FSR0L
0x0FEA       [1]    FSR0H
0x0FEE       [1]    POSTINC0
0x0FF3       [1]    PRODL
0x0FF4       [1]    PRODH
0x0FF5       [1]    TABLAT
0x0FF6       [1]    TBLPTRL
0x0FF7       [1]    TBLPTRH
0x0FF8       [1]    TBLPTRU
//** Label List: ** 
//----------------------------------------------
  L_half_toggle0
  L_half_toggle1
  L_l2r2
  L_l2r3
  L_l2r4
  L_l2r5
  L_r2l6
  L_r2l7
  L_r2l8
  L_r2l9
  L_l2r_double10
  L_l2r_double11
  L_l2r_double12
  L_l2r_double13
  L_r2l_double14
  L_r2l_double15
  L_r2l_double16
  L_r2l_double17
  L_main18
  L_main19
  L_end_half_toggle
  _half_toggle
  L_end_l2r
  _l2r
  L__l2r22
  L_end_r2l
  _r2l
  L__r2l24
  L_end_l2r_double
  _l2r_double
  L__l2r_double26
  L_end_r2l_double
  _r2l_double
  L__r2l_double28
  L_end_main
  _main
  _CC2D_Loop1
  _CC2DL_Loop1
  L_loopCA2AWs
  L_loopCCA2AWs
  L_loopCS2Ss
  L_CS2Send
  L_loopCCS2Ss
  L_CCS2Send
  L_loopFZinSWs
  L_longjmp7
  L_end___CC2D
  ___CC2D
  L_end___CC2DW
  ___CC2DW
  L_end___CA2AW
  ___CA2AW
  L_end___CCA2AW
  ___CCA2AW
  L_end___CS2S
  ___CS2S
  L_end___CCS2S
  ___CCS2S
  L_end___FZinS
  ___FZinS
  L_end_____DoIFC
  _____DoIFC
  L_end_Swap
  _Swap
  L_end_setjmp
  _setjmp
  L_end_longjmp
  _longjmp
